5 -7 83.3333
-1 -7 82.5926
5 -1 78.1481
-1 -1 80.3704
11 -7 78.5185
11 -1 78.5185
5 -13 82.5926
-1 -13 55.5556
11 -13 83.3333
-3 -7 62.2222
-3 -1 72.963
-3 -13 55.5556
5 1 73.3333
-1 1 65.1852
11 1 73.3333
-3 1 55.5556
9 -7 80.7407
9 -1 78.5185
9 -13 83.7037
9 1 73.3333
5 -11 84.0741
-1 -11 55.5556
11 -11 83.7037
-3 -11 55.5556
9 -11 83.3333
3 -7 82.963
3 -1 78.8889
3 -13 68.1481
3 1 73.3333
3 -11 82.5926
5 -5 81.4815
-1 -5 82.963
11 -5 75.1852
-3 -5 82.963
9 -5 78.8889
3 -5 82.5926
15 -7 75.5556
15 -1 78.5185
15 -13 83.7037
15 1 73.3333
15 -11 82.963
15 -5 74.8148
5 -15 68.1481
-1 -15 55.5556
11 -15 83.7037
-3 -15 55.5556
9 -15 84.0741
3 -15 55.5556
15 -15 83.3333
-5 -7 55.5556
-5 -1 55.5556
-5 -13 55.5556
-5 1 55.5556
-5 -11 55.5556
-5 -5 55.5556
-5 -15 55.5556
5 3 61.4815
-1 3 55.5556
11 3 61.4815
-3 3 55.5556
9 3 61.4815
3 3 61.4815
15 3 61.4815
-5 3 55.5556
7 -7 82.5926
7 -1 78.5185
7 -13 84.0741
7 1 73.3333
7 -11 83.7037
7 -5 78.1481
7 -15 82.5926
7 3 61.4815
5 -9 83.7037
-1 -9 67.7778
11 -9 82.963
-3 -9 55.5556
9 -9 83.3333
3 -9 84.0741
15 -9 79.2593
-5 -9 55.5556
7 -9 83.3333
1 -7 84.0741
1 -1 80.3704
1 -13 55.5556
1 1 74.0741
1 -11 68.1481
1 -5 82.963
1 -15 55.5556
1 3 61.4815
1 -9 82.5926
5 -3 79.6296
-1 -3 81.8519
11 -3 77.4074
-3 -3 82.2222
9 -3 77.4074
3 -3 79.6296
15 -3 77.4074
-5 -3 66.2963
7 -3 78.8889
1 -3 80.7407
13 -7 76.6667
13 -1 78.5185
13 -13 83.7037
13 1 73.3333
13 -11 82.963
13 -5 75.5556
13 -15 83.3333
13 3 61.4815
13 -9 80.3704
13 -3 77.4074
