5 -7 67.1132
-1 -7 55.1698
5 -1 90.5283
-1 -1 90.2075
11 -7 74.434
11 -1 90.4151
5 -13 55.1698
-1 -13 55.1698
11 -13 55.1509
-3 -7 55.1698
-3 -1 89.6604
-3 -13 55.1698
5 1 90.2264
-1 1 90.4151
11 1 90.1698
-3 1 90.4906
9 -7 68.9623
9 -1 90.434
9 -13 55.1698
9 1 90.0943
5 -11 55.1698
-1 -11 55.1698
11 -11 63.283
-3 -11 55.1698
9 -11 60.7547
3 -7 63.2264
3 -1 90.4717
3 -13 55.1698
3 1 90.2642
3 -11 55.1698
5 -5 77.8679
-1 -5 63.4717
11 -5 89.0
-3 -5 60.4717
9 -5 87.5472
3 -5 70.2264
15 -7 85.6226
15 -1 90.3774
